SF:lib/base/exceptions/local/local_exceptions.dart
DA:4,7
DA:10,0
DA:16,0
DA:22,0
DA:28,0
LF:5
LH:1
end_of_record
SF:lib/scene/user/data/datasources/user_hive_helper.dart
DA:6,0
DA:8,0
DA:9,0
DA:13,0
DA:15,0
DA:16,0
DA:17,0
DA:18,0
LF:8
LH:0
end_of_record
SF:lib/scene/user/data/datasources/users_local_data_source.dart
DA:14,1
DA:16,1
DA:18,2
DA:19,1
DA:26,1
DA:28,2
LF:6
LH:6
end_of_record
SF:lib/scene/user/data/models/user_model.g.dart
DA:13,0
DA:15,0
DA:16,0
DA:17,0
DA:19,0
DA:20,0
DA:21,0
DA:22,0
DA:23,0
DA:24,0
DA:25,0
DA:26,0
DA:27,0
DA:31,0
DA:34,0
DA:35,0
DA:36,0
DA:37,0
DA:38,0
DA:39,0
DA:40,0
DA:41,0
DA:42,0
DA:43,0
DA:44,0
DA:45,0
DA:46,0
DA:47,0
DA:48,0
DA:49,0
DA:50,0
DA:53,0
DA:54,0
DA:56,0
DA:59,0
DA:60,0
DA:61,0
DA:68,8
DA:69,4
DA:70,4
DA:71,4
DA:72,4
DA:73,8
DA:74,4
DA:75,4
DA:76,8
DA:79,0
DA:80,0
DA:81,0
DA:82,0
DA:83,0
DA:84,0
DA:85,0
DA:86,0
DA:87,0
LF:55
LH:9
end_of_record
SF:lib/scene/user/data/models/user_model.dart
DA:37,5
DA:48,4
DA:49,4
DA:51,0
DA:53,1
DA:54,1
DA:55,1
DA:56,1
DA:57,1
DA:58,1
DA:59,1
DA:60,1
DA:61,1
DA:62,1
DA:67,2
DA:68,2
DA:69,2
DA:70,2
DA:71,2
DA:72,2
DA:73,4
DA:74,2
DA:75,2
DA:76,4
LF:24
LH:23
end_of_record
SF:lib/scene/user/data/models/user_address/address_model.g.dart
DA:13,0
DA:15,0
DA:16,0
DA:17,0
DA:19,0
DA:20,0
DA:21,0
DA:22,0
DA:23,0
DA:24,0
DA:28,0
DA:31,0
DA:32,0
DA:33,0
DA:34,0
DA:35,0
DA:36,0
DA:37,0
DA:38,0
DA:39,0
DA:40,0
DA:41,0
DA:44,0
DA:45,0
DA:47,0
DA:50,0
DA:51,0
DA:52,0
DA:59,8
DA:60,4
DA:61,4
DA:62,4
DA:63,4
DA:64,8
DA:67,0
DA:68,0
DA:69,0
DA:70,0
DA:71,0
DA:72,0
DA:73,0
LF:41
LH:6
end_of_record
SF:lib/scene/user/data/models/user_address/address_model.dart
DA:27,5
DA:35,4
DA:36,4
DA:38,0
DA:40,1
DA:41,1
DA:42,1
DA:43,1
DA:44,1
DA:45,1
DA:46,1
DA:51,4
DA:52,2
DA:53,2
DA:54,2
DA:55,2
DA:56,4
LF:17
LH:16
end_of_record
SF:lib/scene/user/data/models/user_address/geo_model.dart
DA:17,5
DA:22,4
DA:23,4
DA:25,0
DA:27,1
DA:28,1
DA:29,1
DA:30,1
DA:35,4
DA:36,2
DA:37,2
LF:11
LH:10
end_of_record
SF:lib/scene/user/data/models/user_address/geo_model.g.dart
DA:13,0
DA:15,0
DA:16,0
DA:17,0
DA:19,0
DA:20,0
DA:21,0
DA:25,0
DA:28,0
DA:29,0
DA:30,0
DA:31,0
DA:32,0
DA:35,0
DA:36,0
DA:38,0
DA:41,0
DA:42,0
DA:43,0
DA:50,8
DA:51,4
DA:52,4
DA:55,0
DA:56,0
DA:57,0
LF:25
LH:3
end_of_record
SF:lib/scene/user/domain/entities/user/address/address.dart
DA:11,4
DA:19,2
DA:20,2
DA:21,2
DA:22,2
DA:23,2
DA:24,2
DA:25,2
LF:8
LH:8
end_of_record
SF:lib/scene/user/domain/entities/user/address/geo.dart
DA:7,4
DA:12,2
DA:13,2
DA:14,2
DA:15,2
LF:5
LH:5
end_of_record
SF:lib/scene/user/data/models/user_company/company_model.dart
DA:20,5
DA:26,4
DA:27,4
DA:29,0
DA:31,1
DA:32,1
DA:33,1
DA:34,1
DA:35,1
DA:40,4
DA:41,2
DA:42,2
DA:43,2
LF:13
LH:12
end_of_record
SF:lib/scene/user/data/models/user_company/company_model.g.dart
DA:13,0
DA:15,0
DA:16,0
DA:17,0
DA:19,0
DA:20,0
DA:21,0
DA:22,0
DA:26,0
DA:29,0
DA:30,0
DA:31,0
DA:32,0
DA:33,0
DA:34,0
DA:35,0
DA:38,0
DA:39,0
DA:41,0
DA:44,0
DA:45,0
DA:46,0
DA:53,8
DA:54,4
DA:55,4
DA:56,4
DA:59,0
DA:60,0
DA:61,0
DA:62,0
DA:63,0
LF:31
LH:4
end_of_record
SF:lib/scene/user/domain/entities/user/company/company.dart
DA:8,4
DA:11,2
DA:12,8
LF:3
LH:3
end_of_record
SF:lib/scene/user/domain/entities/user/user.dart
DA:15,4
DA:26,2
DA:27,2
DA:28,2
DA:29,2
DA:30,2
DA:31,2
DA:32,2
DA:33,2
DA:34,2
DA:35,2
LF:11
LH:11
end_of_record
SF:lib/base/exceptions/network/network_exceptions.dart
DA:4,6
DA:10,0
LF:2
LH:1
end_of_record
SF:lib/scene/user/data/datasources/users_remote_data_source.dart
DA:18,1
DA:20,1
DA:23,2
DA:24,0
DA:29,1
DA:31,2
DA:32,1
DA:33,1
DA:35,1
DA:37,1
DA:38,1
DA:39,1
DA:40,2
DA:42,4
DA:44,1
DA:48,1
DA:52,1
DA:62,1
DA:63,0
DA:66,0
DA:69,0
LF:21
LH:17
end_of_record
SF:lib/scene/user/data/datasources/datasource_path.dart
DA:8,1
DA:10,1
LF:2
LH:2
end_of_record
SF:lib/base/models/failure.dart
DA:4,1
DA:5,1
DA:10,3
DA:15,1
LF:4
LH:4
end_of_record
SF:lib/scene/user/data/repositories/user_repository_impl.dart
DA:16,1
DA:19,1
DA:22,2
DA:23,2
DA:25,1
DA:26,2
DA:28,1
DA:29,1
DA:30,1
DA:32,2
DA:34,1
DA:35,2
DA:37,1
DA:38,1
DA:39,1
DA:40,1
DA:41,2
DA:45,0
DA:46,0
DA:47,0
LF:20
LH:17
end_of_record
SF:lib/scene/user/domain/usecases/get_users.dart
DA:10,1
DA:12,1
DA:13,2
LF:3
LH:3
end_of_record
SF:lib/scene/user/presentation/bloc/user_state.dart
DA:7,1
DA:8,1
DA:12,1
DA:13,1
DA:19,1
DA:20,1
DA:21,2
DA:27,1
DA:28,1
DA:29,2
LF:10
LH:10
end_of_record
SF:lib/scene/user/presentation/bloc/user_event.dart
DA:7,1
DA:9,0
DA:10,0
LF:3
LH:1
end_of_record
SF:lib/scene/user/presentation/bloc/user_bloc.dart
DA:16,3
DA:17,3
DA:20,1
DA:21,2
DA:23,2
DA:24,5
DA:25,2
DA:28,1
DA:29,1
DA:30,1
DA:31,1
DA:32,1
DA:33,1
LF:13
LH:13
end_of_record
